<?xml version="1.0" encoding="UTF-8"?>
<coverage generated="1578964025479" clover="3.2.0">
  <project timestamp="1578964025479" name="All files">
    <metrics statements="44" coveredstatements="22" conditionals="4" coveredconditionals="0" methods="6" coveredmethods="0" elements="54" coveredelements="22" complexity="0" loc="44" ncloc="44" packages="1" files="4" classes="4"/>
    <file name="PiDataPoint.js" path="/Users/blorb/alchemy/pi-party/lib/models/PiDataPoint.js">
      <metrics statements="3" coveredstatements="3" conditionals="0" coveredconditionals="0" methods="0" coveredmethods="0"/>
      <line num="1" count="1" type="stmt"/>
      <line num="3" count="1" type="stmt"/>
      <line num="23" count="1" type="stmt"/>
    </file>
    <file name="PiDataSession.js" path="/Users/blorb/alchemy/pi-party/lib/models/PiDataSession.js">
      <metrics statements="9" coveredstatements="5" conditionals="0" coveredconditionals="0" methods="1" coveredmethods="0"/>
      <line num="1" count="1" type="stmt"/>
      <line num="2" count="1" type="stmt"/>
      <line num="3" count="1" type="stmt"/>
      <line num="29" count="1" type="stmt"/>
      <line num="30" count="0" type="stmt"/>
      <line num="31" count="0" type="stmt"/>
      <line num="32" count="0" type="stmt"/>
      <line num="38" count="0" type="stmt"/>
      <line num="42" count="1" type="stmt"/>
    </file>
    <file name="Plant.js" path="/Users/blorb/alchemy/pi-party/lib/models/Plant.js">
      <metrics statements="3" coveredstatements="3" conditionals="0" coveredconditionals="0" methods="0" coveredmethods="0"/>
      <line num="1" count="1" type="stmt"/>
      <line num="3" count="1" type="stmt"/>
      <line num="24" count="1" type="stmt"/>
    </file>
    <file name="User.js" path="/Users/blorb/alchemy/pi-party/lib/models/User.js">
      <metrics statements="29" coveredstatements="11" conditionals="4" coveredconditionals="0" methods="5" coveredmethods="0"/>
      <line num="1" count="1" type="stmt"/>
      <line num="2" count="1" type="stmt"/>
      <line num="3" count="1" type="stmt"/>
      <line num="5" count="1" type="stmt"/>
      <line num="13" count="1" type="stmt"/>
      <line num="33" count="0" type="stmt"/>
      <line num="39" count="1" type="stmt"/>
      <line num="48" count="1" type="stmt"/>
      <line num="49" count="0" type="stmt"/>
      <line num="53" count="1" type="stmt"/>
      <line num="54" count="0" type="stmt"/>
      <line num="55" count="0" type="stmt"/>
      <line num="56" count="0" type="stmt"/>
      <line num="64" count="0" type="stmt"/>
      <line num="68" count="1" type="stmt"/>
      <line num="69" count="0" type="stmt"/>
      <line num="74" count="1" type="stmt"/>
      <line num="75" count="0" type="stmt"/>
      <line num="76" count="0" type="cond" truecount="0" falsecount="2"/>
      <line num="77" count="0" type="stmt"/>
      <line num="78" count="0" type="stmt"/>
      <line num="79" count="0" type="stmt"/>
      <line num="81" count="0" type="stmt"/>
      <line num="82" count="0" type="cond" truecount="0" falsecount="2"/>
      <line num="83" count="0" type="stmt"/>
      <line num="84" count="0" type="stmt"/>
      <line num="85" count="0" type="stmt"/>
      <line num="87" count="0" type="stmt"/>
      <line num="90" count="1" type="stmt"/>
    </file>
  </project>
</coverage>
