<?xml version="1.0" encoding="UTF-8"?>
<coverage generated="1578894105125" clover="3.2.0">
  <project timestamp="1578894105125" name="All files">
    <metrics statements="34" coveredstatements="16" conditionals="4" coveredconditionals="0" methods="5" coveredmethods="0" elements="43" coveredelements="16" complexity="0" loc="34" ncloc="34" packages="1" files="3" classes="3"/>
    <file name="Data.js" path="/Users/Tess/alchemy/career-track/midtrack-project/pi-party/lib/models/Data.js">
      <metrics statements="3" coveredstatements="3" conditionals="0" coveredconditionals="0" methods="0" coveredmethods="0"/>
      <line num="1" count="1" type="stmt"/>
      <line num="3" count="1" type="stmt"/>
      <line num="31" count="1" type="stmt"/>
    </file>
    <file name="Plant.js" path="/Users/Tess/alchemy/career-track/midtrack-project/pi-party/lib/models/Plant.js">
      <metrics statements="3" coveredstatements="3" conditionals="0" coveredconditionals="0" methods="0" coveredmethods="0"/>
      <line num="1" count="1" type="stmt"/>
      <line num="3" count="1" type="stmt"/>
      <line num="38" count="1" type="stmt"/>
    </file>
    <file name="User.js" path="/Users/Tess/alchemy/career-track/midtrack-project/pi-party/lib/models/User.js">
      <metrics statements="28" coveredstatements="10" conditionals="4" coveredconditionals="0" methods="5" coveredmethods="0"/>
      <line num="1" count="1" type="stmt"/>
      <line num="2" count="1" type="stmt"/>
      <line num="3" count="1" type="stmt"/>
      <line num="5" count="1" type="stmt"/>
      <line num="14" count="1" type="stmt"/>
      <line num="42" count="0" type="stmt"/>
      <line num="47" count="1" type="stmt"/>
      <line num="48" count="0" type="stmt"/>
      <line num="52" count="1" type="stmt"/>
      <line num="53" count="0" type="stmt"/>
      <line num="54" count="0" type="stmt"/>
      <line num="55" count="0" type="stmt"/>
      <line num="63" count="0" type="stmt"/>
      <line num="67" count="1" type="stmt"/>
      <line num="68" count="0" type="stmt"/>
      <line num="73" count="1" type="stmt"/>
      <line num="74" count="0" type="stmt"/>
      <line num="75" count="0" type="cond" truecount="0" falsecount="2"/>
      <line num="76" count="0" type="stmt"/>
      <line num="77" count="0" type="stmt"/>
      <line num="78" count="0" type="stmt"/>
      <line num="80" count="0" type="stmt"/>
      <line num="81" count="0" type="cond" truecount="0" falsecount="2"/>
      <line num="82" count="0" type="stmt"/>
      <line num="83" count="0" type="stmt"/>
      <line num="84" count="0" type="stmt"/>
      <line num="86" count="0" type="stmt"/>
      <line num="89" count="1" type="stmt"/>
    </file>
  </project>
</coverage>
