{"/Users/Tess/alchemy/career-track/midtrack-project/pi-party/lib/models/Data.js": {"path":"/Users/Tess/alchemy/career-track/midtrack-project/pi-party/lib/models/Data.js","statementMap":{"0":{"start":{"line":1,"column":17},"end":{"line":1,"column":36}},"1":{"start":{"line":3,"column":15},"end":{"line":29,"column":2}},"2":{"start":{"line":31,"column":0},"end":{"line":31,"column":48}}},"fnMap":{},"branchMap":{},"s":{"0":1,"1":1,"2":1},"f":{},"b":{},"_coverageSchema":"43e27e138ebf9cfc5966b082cf9a028302ed4184","hash":"016b0f946524b00de7a44279d50ef00b67de4ea8"}
,"/Users/Tess/alchemy/career-track/midtrack-project/pi-party/lib/models/User.js": {"path":"/Users/Tess/alchemy/career-track/midtrack-project/pi-party/lib/models/User.js","statementMap":{"0":{"start":{"line":1,"column":17},"end":{"line":1,"column":36}},"1":{"start":{"line":2,"column":15},"end":{"line":2,"column":34}},"2":{"start":{"line":3,"column":12},"end":{"line":3,"column":35}},"3":{"start":{"line":5,"column":20},"end":{"line":12,"column":2}},"4":{"start":{"line":14,"column":15},"end":{"line":45,"column":2}},"5":{"start":{"line":42,"column":6},"end":{"line":42,"column":30}},"6":{"start":{"line":47,"column":0},"end":{"line":49,"column":3}},"7":{"start":{"line":48,"column":2},"end":{"line":48,"column":52}},"8":{"start":{"line":52,"column":0},"end":{"line":65,"column":2}},"9":{"start":{"line":53,"column":2},"end":{"line":64,"column":3}},"10":{"start":{"line":54,"column":25},"end":{"line":54,"column":66}},"11":{"start":{"line":55,"column":4},"end":{"line":60,"column":8}},"12":{"start":{"line":63,"column":4},"end":{"line":63,"column":31}},"13":{"start":{"line":67,"column":0},"end":{"line":71,"column":2}},"14":{"start":{"line":68,"column":2},"end":{"line":70,"column":5}},"15":{"start":{"line":73,"column":0},"end":{"line":87,"column":2}},"16":{"start":{"line":74,"column":15},"end":{"line":74,"column":44}},"17":{"start":{"line":75,"column":2},"end":{"line":79,"column":3}},"18":{"start":{"line":76,"column":16},"end":{"line":76,"column":54}},"19":{"start":{"line":77,"column":4},"end":{"line":77,"column":21}},"20":{"start":{"line":78,"column":4},"end":{"line":78,"column":14}},"21":{"start":{"line":80,"column":24},"end":{"line":80,"column":73}},"22":{"start":{"line":81,"column":2},"end":{"line":85,"column":3}},"23":{"start":{"line":82,"column":16},"end":{"line":82,"column":54}},"24":{"start":{"line":83,"column":4},"end":{"line":83,"column":21}},"25":{"start":{"line":84,"column":4},"end":{"line":84,"column":14}},"26":{"start":{"line":86,"column":2},"end":{"line":86,"column":14}},"27":{"start":{"line":89,"column":0},"end":{"line":89,"column":48}}},"fnMap":{"0":{"name":"(anonymous_0)","decl":{"start":{"line":41,"column":15},"end":{"line":41,"column":16}},"loc":{"start":{"line":41,"column":29},"end":{"line":43,"column":5}},"line":41},"1":{"name":"(anonymous_1)","decl":{"start":{"line":47,"column":31},"end":{"line":47,"column":32}},"loc":{"start":{"line":47,"column":50},"end":{"line":49,"column":1}},"line":47},"2":{"name":"(anonymous_2)","decl":{"start":{"line":52,"column":29},"end":{"line":52,"column":30}},"loc":{"start":{"line":52,"column":45},"end":{"line":65,"column":1}},"line":52},"3":{"name":"(anonymous_3)","decl":{"start":{"line":67,"column":27},"end":{"line":67,"column":28}},"loc":{"start":{"line":67,"column":38},"end":{"line":71,"column":1}},"line":67},"4":{"name":"(anonymous_4)","decl":{"start":{"line":73,"column":27},"end":{"line":73,"column":28}},"loc":{"start":{"line":73,"column":63},"end":{"line":87,"column":1}},"line":73}},"branchMap":{"0":{"loc":{"start":{"line":75,"column":2},"end":{"line":79,"column":3}},"type":"if","locations":[{"start":{"line":75,"column":2},"end":{"line":79,"column":3}},{"start":{"line":75,"column":2},"end":{"line":79,"column":3}}],"line":75},"1":{"loc":{"start":{"line":81,"column":2},"end":{"line":85,"column":3}},"type":"if","locations":[{"start":{"line":81,"column":2},"end":{"line":85,"column":3}},{"start":{"line":81,"column":2},"end":{"line":85,"column":3}}],"line":81}},"s":{"0":1,"1":1,"2":1,"3":1,"4":1,"5":0,"6":1,"7":0,"8":1,"9":0,"10":0,"11":0,"12":0,"13":1,"14":0,"15":1,"16":0,"17":0,"18":0,"19":0,"20":0,"21":0,"22":0,"23":0,"24":0,"25":0,"26":0,"27":1},"f":{"0":0,"1":0,"2":0,"3":0,"4":0},"b":{"0":[0,0],"1":[0,0]},"_coverageSchema":"43e27e138ebf9cfc5966b082cf9a028302ed4184","hash":"107a28473b2d39842b488f1fcabac26f690cad0b"}
}
