{"/Users/Tess/alchemy/career-track/midtrack-project/pi-party/lib/models/PiData.js": {"path":"/Users/Tess/alchemy/career-track/midtrack-project/pi-party/lib/models/PiData.js","statementMap":{"0":{"start":{"line":1,"column":17},"end":{"line":1,"column":36}},"1":{"start":{"line":3,"column":15},"end":{"line":40,"column":2}},"2":{"start":{"line":42,"column":0},"end":{"line":42,"column":48}}},"fnMap":{},"branchMap":{},"s":{"0":1,"1":1,"2":1},"f":{},"b":{},"_coverageSchema":"43e27e138ebf9cfc5966b082cf9a028302ed4184","hash":"b7e3acd9a00935e7dd30d0e0e98bd4e18018ac77"}
,"/Users/Tess/alchemy/career-track/midtrack-project/pi-party/lib/models/Plant.js": {"path":"/Users/Tess/alchemy/career-track/midtrack-project/pi-party/lib/models/Plant.js","statementMap":{"0":{"start":{"line":1,"column":17},"end":{"line":1,"column":36}},"1":{"start":{"line":3,"column":15},"end":{"line":22,"column":2}},"2":{"start":{"line":24,"column":0},"end":{"line":24,"column":49}}},"fnMap":{},"branchMap":{},"s":{"0":1,"1":1,"2":1},"f":{},"b":{},"_coverageSchema":"43e27e138ebf9cfc5966b082cf9a028302ed4184","hash":"b963b3c2a6acb2d9941b5a711a942e0818b3f2ea"}
,"/Users/Tess/alchemy/career-track/midtrack-project/pi-party/lib/models/User.js": {"path":"/Users/Tess/alchemy/career-track/midtrack-project/pi-party/lib/models/User.js","statementMap":{"0":{"start":{"line":1,"column":17},"end":{"line":1,"column":36}},"1":{"start":{"line":2,"column":15},"end":{"line":2,"column":34}},"2":{"start":{"line":3,"column":12},"end":{"line":3,"column":35}},"3":{"start":{"line":14,"column":15},"end":{"line":37,"column":2}},"4":{"start":{"line":34,"column":6},"end":{"line":34,"column":30}},"5":{"start":{"line":40,"column":0},"end":{"line":44,"column":3}},"6":{"start":{"line":46,"column":0},"end":{"line":50,"column":3}},"7":{"start":{"line":53,"column":0},"end":{"line":55,"column":3}},"8":{"start":{"line":54,"column":2},"end":{"line":54,"column":52}},"9":{"start":{"line":58,"column":0},"end":{"line":71,"column":2}},"10":{"start":{"line":59,"column":2},"end":{"line":70,"column":3}},"11":{"start":{"line":60,"column":25},"end":{"line":60,"column":66}},"12":{"start":{"line":61,"column":4},"end":{"line":66,"column":8}},"13":{"start":{"line":69,"column":4},"end":{"line":69,"column":31}},"14":{"start":{"line":73,"column":0},"end":{"line":77,"column":2}},"15":{"start":{"line":74,"column":2},"end":{"line":76,"column":5}},"16":{"start":{"line":79,"column":0},"end":{"line":93,"column":2}},"17":{"start":{"line":80,"column":15},"end":{"line":80,"column":44}},"18":{"start":{"line":81,"column":2},"end":{"line":85,"column":3}},"19":{"start":{"line":82,"column":16},"end":{"line":82,"column":54}},"20":{"start":{"line":83,"column":4},"end":{"line":83,"column":21}},"21":{"start":{"line":84,"column":4},"end":{"line":84,"column":14}},"22":{"start":{"line":86,"column":24},"end":{"line":86,"column":73}},"23":{"start":{"line":87,"column":2},"end":{"line":91,"column":3}},"24":{"start":{"line":88,"column":16},"end":{"line":88,"column":54}},"25":{"start":{"line":89,"column":4},"end":{"line":89,"column":21}},"26":{"start":{"line":90,"column":4},"end":{"line":90,"column":14}},"27":{"start":{"line":92,"column":2},"end":{"line":92,"column":14}},"28":{"start":{"line":95,"column":0},"end":{"line":95,"column":48}}},"fnMap":{"0":{"name":"(anonymous_0)","decl":{"start":{"line":33,"column":15},"end":{"line":33,"column":16}},"loc":{"start":{"line":33,"column":29},"end":{"line":35,"column":5}},"line":33},"1":{"name":"(anonymous_1)","decl":{"start":{"line":53,"column":31},"end":{"line":53,"column":32}},"loc":{"start":{"line":53,"column":50},"end":{"line":55,"column":1}},"line":53},"2":{"name":"(anonymous_2)","decl":{"start":{"line":58,"column":29},"end":{"line":58,"column":30}},"loc":{"start":{"line":58,"column":45},"end":{"line":71,"column":1}},"line":58},"3":{"name":"(anonymous_3)","decl":{"start":{"line":73,"column":27},"end":{"line":73,"column":28}},"loc":{"start":{"line":73,"column":38},"end":{"line":77,"column":1}},"line":73},"4":{"name":"(anonymous_4)","decl":{"start":{"line":79,"column":27},"end":{"line":79,"column":28}},"loc":{"start":{"line":79,"column":63},"end":{"line":93,"column":1}},"line":79}},"branchMap":{"0":{"loc":{"start":{"line":81,"column":2},"end":{"line":85,"column":3}},"type":"if","locations":[{"start":{"line":81,"column":2},"end":{"line":85,"column":3}},{"start":{"line":81,"column":2},"end":{"line":85,"column":3}}],"line":81},"1":{"loc":{"start":{"line":87,"column":2},"end":{"line":91,"column":3}},"type":"if","locations":[{"start":{"line":87,"column":2},"end":{"line":91,"column":3}},{"start":{"line":87,"column":2},"end":{"line":91,"column":3}}],"line":87}},"s":{"0":1,"1":1,"2":1,"3":1,"4":0,"5":1,"6":1,"7":1,"8":0,"9":1,"10":0,"11":0,"12":0,"13":0,"14":1,"15":0,"16":1,"17":0,"18":0,"19":0,"20":0,"21":0,"22":0,"23":0,"24":0,"25":0,"26":0,"27":0,"28":1},"f":{"0":0,"1":0,"2":0,"3":0,"4":0},"b":{"0":[0,0],"1":[0,0]},"_coverageSchema":"43e27e138ebf9cfc5966b082cf9a028302ed4184","hash":"9641fe0bf08578a95d27167d71bda968d7b2edd2"}
}
