TN:
SF:/Users/Tess/alchemy/career-track/midtrack-project/pi-party/lib/models/Data.js
FNF:0
FNH:0
DA:1,1
DA:3,1
DA:31,1
LF:3
LH:3
BRF:0
BRH:0
end_of_record
TN:
SF:/Users/Tess/alchemy/career-track/midtrack-project/pi-party/lib/models/User.js
FN:41,(anonymous_0)
FN:47,(anonymous_1)
FN:52,(anonymous_2)
FN:67,(anonymous_3)
FN:73,(anonymous_4)
FNF:5
FNH:0
FNDA:0,(anonymous_0)
FNDA:0,(anonymous_1)
FNDA:0,(anonymous_2)
FNDA:0,(anonymous_3)
FNDA:0,(anonymous_4)
DA:1,1
DA:2,1
DA:3,1
DA:5,1
DA:14,1
DA:42,0
DA:47,1
DA:48,0
DA:52,1
DA:53,0
DA:54,0
DA:55,0
DA:63,0
DA:67,1
DA:68,0
DA:73,1
DA:74,0
DA:75,0
DA:76,0
DA:77,0
DA:78,0
DA:80,0
DA:81,0
DA:82,0
DA:83,0
DA:84,0
DA:86,0
DA:89,1
LF:28
LH:10
BRDA:75,0,0,0
BRDA:75,0,1,0
BRDA:81,1,0,0
BRDA:81,1,1,0
BRF:4
BRH:0
end_of_record
