TN:
SF:/Users/Tess/alchemy/career-track/midtrack-project/pi-party/lib/models/PiDataPoint.js
FNF:0
FNH:0
DA:1,1
DA:3,1
DA:16,1
LF:3
LH:3
BRF:0
BRH:0
end_of_record
TN:
SF:/Users/Tess/alchemy/career-track/midtrack-project/pi-party/lib/models/PiDataSession.js
FNF:0
FNH:0
DA:1,1
DA:3,1
DA:29,1
LF:3
LH:3
BRF:0
BRH:0
end_of_record
TN:
SF:/Users/Tess/alchemy/career-track/midtrack-project/pi-party/lib/models/Plant.js
FNF:0
FNH:0
DA:1,1
DA:3,1
DA:24,1
LF:3
LH:3
BRF:0
BRH:0
end_of_record
TN:
SF:/Users/Tess/alchemy/career-track/midtrack-project/pi-party/lib/models/User.js
FN:32,(anonymous_0)
FN:48,(anonymous_1)
FN:53,(anonymous_2)
FN:68,(anonymous_3)
FN:74,(anonymous_4)
FNF:5
FNH:0
FNDA:0,(anonymous_0)
FNDA:0,(anonymous_1)
FNDA:0,(anonymous_2)
FNDA:0,(anonymous_3)
FNDA:0,(anonymous_4)
DA:1,1
DA:2,1
DA:3,1
DA:5,1
DA:13,1
DA:33,0
DA:39,1
DA:48,1
DA:49,0
DA:53,1
DA:54,0
DA:55,0
DA:56,0
DA:64,0
DA:68,1
DA:69,0
DA:74,1
DA:75,0
DA:76,0
DA:77,0
DA:78,0
DA:79,0
DA:81,0
DA:82,0
DA:83,0
DA:84,0
DA:85,0
DA:87,0
DA:90,1
LF:29
LH:11
BRDA:76,0,0,0
BRDA:76,0,1,0
BRDA:82,1,0,0
BRDA:82,1,1,0
BRF:4
BRH:0
end_of_record
